\BOOKMARK [0][-]{lop.0}{List of papers}{}% 1
\BOOKMARK [0][-]{section*.1}{List of papers}{}% 2
\BOOKMARK [0][-]{section*.2}{Summary}{}% 3
\BOOKMARK [1][-]{section*.3}{ in Swedish}{section*.2}% 4
\BOOKMARK [0][-]{section*.5}{How to read this thesis}{}% 5
\BOOKMARK [0][-]{chapter.1}{1 Introduction}{}% 6
\BOOKMARK [1][-]{section.1.1}{1.1 Formal Verification}{chapter.1}% 7
\BOOKMARK [1][-]{section.1.2}{1.2 Research Challenges}{chapter.1}% 8
\BOOKMARK [0][-]{chapter.2}{2 Model Checking}{}% 9
\BOOKMARK [0][-]{chapter.3}{3 Data Structures}{}% 10
\BOOKMARK [1][-]{section.3.1}{3.1 Linearizability}{chapter.3}% 11
\BOOKMARK [0][-]{chapter.4}{4 Specifying Linearizability}{}% 12
\BOOKMARK [1][-]{section.4.1}{4.1 Observers}{chapter.4}% 13
\BOOKMARK [1][-]{section.4.2}{4.2 Linearization Policies}{chapter.4}% 14
\BOOKMARK [0][-]{chapter.5}{5 Shape Analysis}{}% 15
\BOOKMARK [1][-]{section.5.1}{5.1 Previous Approaches}{chapter.5}% 16
\BOOKMARK [1][-]{section.5.2}{5.2 Our Approaches}{chapter.5}% 17
\BOOKMARK [0][-]{chapter.6}{6 Conclusion and Future Work}{}% 18
\BOOKMARK [0][-]{chapter.7}{7 Summary of Contributions}{}% 19
\BOOKMARK [1][-]{section.7.1}{7.1 Paper II: Automated Verification of Linearization Policies}{chapter.7}% 20
\BOOKMARK [1][-]{section.7.2}{7.2 Paper III: Fragment Abstraction for Concurrent Shape Analysis}{chapter.7}% 21
\BOOKMARK [1][-]{section.7.3}{7.3 Related Work}{chapter.7}% 22
\BOOKMARK [0][-]{chapter.8}{8 References}{}% 23
\BOOKMARK [0][-]{chapter.9}{9 Index}{}% 24
